<?xml version="1.0" encoding="UTF-8"?>
<!-- Generated by org.testng.reporters.JUnitReportReporter -->
<testsuite hostname="W1651507" name="com.datadriven.test.ParameterizedTestV2" tests="1" failures="0" timestamp="12 Sep 2019 10:06:33 GMT" time="5.567" errors="0">
  <testcase name="yahooLoginTest" time="5.567" classname="com.datadriven.test.ParameterizedTestV2"/>
</testsuite> <!-- com.datadriven.test.ParameterizedTestV2 -->
