<?xml version="1.0" encoding="UTF-8"?>
<!-- Generated by org.testng.reporters.JUnitReportReporter -->
<testsuite hostname="W1651507" name="com.datadriven.test.ParameterizedTest" tests="1" failures="0" timestamp="9 Sep 2019 10:18:10 GMT" time="5.396" errors="0">
  <testcase name="test" time="5.396" classname="com.datadriven.test.ParameterizedTest"/>
</testsuite> <!-- com.datadriven.test.ParameterizedTest -->
