<?xml version="1.0" encoding="UTF-8"?>
<!-- Generated by org.testng.reporters.JUnitReportReporter -->
<testsuite hostname="W1651507" name="com.datadriven.test.DataDrivenTest" tests="1" failures="0" timestamp="2 Sep 2019 05:36:34 GMT" time="2.020" errors="0">
  <testcase name="test" time="2.020" classname="com.datadriven.test.DataDrivenTest"/>
</testsuite> <!-- com.datadriven.test.DataDrivenTest -->
