<?xml version="1.0" encoding="UTF-8"?>
<!-- Generated by org.testng.reporters.JUnitReportReporter -->
<testsuite hostname="W1651507" name="com.datadriven.test.ExcelOperations" tests="4" failures="0" timestamp="10 Sep 2019 10:25:56 GMT" time="4.747" errors="0">
  <testcase name="passVal" time="1.295" classname="com.datadriven.test.ExcelOperations"/>
  <testcase name="passVal" time="1.214" classname="com.datadriven.test.ExcelOperations"/>
  <testcase name="passVal" time="1.056" classname="com.datadriven.test.ExcelOperations"/>
  <testcase name="passVal" time="1.182" classname="com.datadriven.test.ExcelOperations"/>
</testsuite> <!-- com.datadriven.test.ExcelOperations -->
