<?xml version="1.0" encoding="UTF-8"?>
<!-- Generated by org.testng.reporters.JUnitReportReporter -->
<testsuite hostname="W1651507" name="com.datadriven.test.WebTableHandle" tests="1" failures="0" timestamp="2 Jan 2020 10:36:59 GMT" time="3.401" errors="0">
  <testcase name="main" time="3.401" classname="com.datadriven.test.WebTableHandle"/>
</testsuite> <!-- com.datadriven.test.WebTableHandle -->
